$ next dev --turbo
   ▲ Next.js 15.3.4 (Turbopack)
   - Local:        http://localhost:3000
   - Network:      http://192.168.2.3:3000
   - Environments: .env.local
   - Experiments (use with caution):
     · clientTraceMetadata

 ✓ Starting...
 ○ Compiling instrumentation Node.js ...
 ✓ Compiled instrumentation Node.js in 540ms
 ✓ Compiled instrumentation Edge in 177ms
 ✓ Compiled middleware in 97ms
 ✓ Ready in 2.2s
 ○ Compiling / ...
 ✓ Compiled / in 4.5s
 ⚠ ./node_modules/@payloadcms/db-postgres/dist
Package pg can't be external
The request pg matches serverExternalPackages (or the default list).
The package resolves to a different version when requested from the project directory (8.16.2) compared to the package requested from the importing module (8.11.3).
Make sure to install the same version of the package in both locations.


[⣷] Pulling schema from database...
[2K[1G[⣯] Pulling schema from database...
[2K[1G[⣟] Pulling schema from database...
[2K[1G[⡿] Pulling schema from database...
[2K[1G[⢿] Pulling schema from database...
[2K[1G[⣻] Pulling schema from database...
[2K[1G[⣽] Pulling schema from database...
[2K[1G[⣷] Pulling schema from database...
[2K[1G[⣯] Pulling schema from database...
[2K[1G[⣟] Pulling schema from database...
[2K[1G[⡿] Pulling schema from database...
[2K[1G[⢿] Pulling schema from database...
[2K[1G[⣻] Pulling schema from database...
[2K[1G[⣽] Pulling schema from database...
[2K[1G[⣷] Pulling schema from database...
[2K[1G[⣯] Pulling schema from database...
[2K[1G[⣟] Pulling schema from database...
[2K[1G[⡿] Pulling schema from database...
[2K[1G[⢿] Pulling schema from database...
[2K[1G[⣻] Pulling schema from database...
[2K[1G[⣽] Pulling schema from database...
[2K[1G[⣷] Pulling schema from database...
[2K[1G[⣯] Pulling schema from database...
[2K[1G[⣟] Pulling schema from database...
[2K[1G[⡿] Pulling schema from database...
[2K[1G[⢿] Pulling schema from database...
[2K[1G[⣻] Pulling schema from database...
[2K[1G[⣽] Pulling schema from database...
[2K[1G[⣷] Pulling schema from database...
[2K[1G[⣯] Pulling schema from database...
[2K[1G[⣟] Pulling schema from database...
[2K[1G[⡿] Pulling schema from database...
[2K[1G[⢿] Pulling schema from database...
[2K[1G[⣻] Pulling schema from database...
[2K[1G[✓] Pulling schema from database...
Site settings fetched: {
  banner: {
    enabled: true,
    message: '🚀 **14 Nieuwe Stemmen**. Beluister hier wat ze voor jou kunnen betekenen!',
    linkType: 'custom',
    linkUrl: null,
    linkPage: null,
    dismissible: false,
    style: 'gradient'
  }
}
Banner data processed: {
  enabled: true,
  message: '🚀 **14 Nieuwe Stemmen**. Beluister hier wat ze voor jou kunnen betekenen!',
  linkType: 'custom',
  linkUrl: '',
  dismissible: false,
  style: 'gradient'
}
 GET / 200 in 10695ms
[?25h
